-------------------------------------------------------------------------------
Test set: com.mulesoft.training.HelloMavenTest
-------------------------------------------------------------------------------
Tests run: 2, Failures: 0, Errors: 1, Skipped: 0, Time elapsed: 13.106 s <<< FAILURE! - in com.mulesoft.training.HelloMavenTest
retrieveFlightsAddsAppropriateHeader(com.mulesoft.training.HelloMavenTest)  Time elapsed: 0.912 s  <<< ERROR!
java.lang.NullPointerException
	at com.mulesoft.training.HelloMavenTest.retrieveFlightsAddsAppropriateHeader(HelloMavenTest.java:13)

