<?xml version="1.0" encoding="UTF-8"?>
<testsuite xmlns:xsi="http://www.w3.org/2001/XMLSchema-instance" xsi:noNamespaceSchemaLocation="https://maven.apache.org/surefire/maven-surefire-plugin/xsd/surefire-test-report.xsd" name="com.mulesoft.training.HelloMavenTest" time="13.106" tests="2" errors="1" skipped="0" failures="0">
  <properties>
[...]
</properties>
  <testcase name="mavenFlowReturnsHelloMaven" classname="com.mulesoft.training.HelloMavenTest" time="10.819"/>
  <testcase name="retrieveFlightsAddsAppropriateHeader" classname="com.mulesoft.training.HelloMavenTest" time="0.912">
    <error type="java.lang.NullPointerException">java.lang.NullPointerException
	at com.mulesoft.training.HelloMavenTest.retrieveFlightsAddsAppropriateHeader(HelloMavenTest.java:13)
</error>
    <system-out><![CDATA[
================================================================================
= Testing: retrieveFlightsAddsAppropriateHeader                                =
================================================================================
INFO  2018-07-17 12:40:12,202 [Time-limited test] org.mule.tck.junit4.AbstractMuleContextTestCase: Using working directory for test: C:\Users\Pravallika\AppData\Local\Temp\junit6066690843219656461
INFO  2018-07-17 12:40:12,215 [Time-limited test] org.mule.lifecycle.AbstractLifecycleManager: Initialising RegistryBroker
INFO  2018-07-17 12:40:12,225 [Time-limited test] org.mule.config.spring.MuleArtifactContext: Refreshing org.mule.config.spring.MuleArtifactContext@7126b8a9: startup date [Tue Jul 17 12:40:12 PDT 2018]; root of context hierarchy
INFO  2018-07-17 12:40:12,823 [Time-limited test] org.springframework.context.support.PropertySourcesPlaceholderConfigurer: Loading properties file from class path resource [maven]
INFO  2018-07-17 12:40:12,833 [Time-limited test] org.springframework.context.support.PropertySourcesPlaceholderConfigurer: Loading properties file from class path resource [maven]
INFO  2018-07-17 12:40:12,837 [Time-limited test] org.mule.config.spring.processors.NoDevkitInjectorProcessor: JSR-330 'javax.inject.Inject' annotation found and supported for autowiring
WARN  2018-07-17 12:40:12,928 [Time-limited test] org.mule.expression.DefaultExpressionManager: Expression string is not an expression.  Use isExpression(String) to validate first
WARN  2018-07-17 12:40:12,930 [Time-limited test] org.mule.expression.DefaultExpressionManager: Expression string is not an expression.  Use isExpression(String) to validate first
INFO  2018-07-17 12:40:13,301 [Time-limited test] org.mule.util.journal.TransactionJournal: Using files for tx logs C:\Users\Pravallika\AppData\Local\Temp\junit6066690843219656461\queue-tx-log\tx1.log and C:\Users\Pravallika\AppData\Local\Temp\junit6066690843219656461\queue-tx-log\tx2.log
INFO  2018-07-17 12:40:13,303 [Time-limited test] org.mule.util.journal.TransactionJournal: Using files for tx logs C:\Users\Pravallika\AppData\Local\Temp\junit6066690843219656461\queue-xa-tx-log\tx1.log and C:\Users\Pravallika\AppData\Local\Temp\junit6066690843219656461\queue-xa-tx-log\tx2.log
INFO  2018-07-17 12:40:13,307 [Time-limited test] org.mule.lifecycle.AbstractLifecycleManager: Initialising connector: Active_MQ
INFO  2018-07-17 12:40:13,319 [Time-limited test] org.mule.lifecycle.AbstractLifecycleManager: Initialising model: _muleSystemModel
INFO  2018-07-17 12:40:13,322 [Time-limited test] org.mule.construct.FlowConstructLifecycleManager: Initialising flow: mavenFlow
INFO  2018-07-17 12:40:13,322 [Time-limited test] org.mule.exception.DefaultMessagingExceptionStrategy: Initialising exception listener: org.mule.exception.DefaultMessagingExceptionStrategy@563146c1
INFO  2018-07-17 12:40:13,326 [Time-limited test] org.mule.processor.SedaStageLifecycleManager: Initialising service: mavenFlow.stage1
INFO  2018-07-17 12:40:13,327 [Time-limited test] org.mule.construct.FlowConstructLifecycleManager: Initialising flow: retreiveFlights
INFO  2018-07-17 12:40:13,327 [Time-limited test] org.mule.exception.DefaultMessagingExceptionStrategy: Initialising exception listener: org.mule.exception.DefaultMessagingExceptionStrategy@58472b54
INFO  2018-07-17 12:40:13,330 [Time-limited test] org.mule.processor.SedaStageLifecycleManager: Initialising service: retreiveFlights.stage1
INFO  2018-07-17 12:40:13,330 [Time-limited test] org.mule.construct.FlowConstructLifecycleManager: Initialising flow: logFlights
INFO  2018-07-17 12:40:13,330 [Time-limited test] org.mule.exception.DefaultMessagingExceptionStrategy: Initialising exception listener: org.mule.exception.DefaultMessagingExceptionStrategy@4ae2c776
INFO  2018-07-17 12:40:13,348 [Time-limited test] org.mule.processor.SedaStageLifecycleManager: Initialising service: logFlights.stage1
INFO  2018-07-17 12:40:13,384 [Time-limited test] org.mule.config.spring.SpringXmlConfigurationBuilder: Configured Mule using "org.mule.config.spring.SpringXmlConfigurationBuilder" with configuration resource(s): "[ConfigResource{resourceName='mavenproject.xml'}]"
INFO  2018-07-17 12:40:13,386 [Time-limited test] org.mule.util.queue.QueueXaResourceManager: Starting ResourceManager
INFO  2018-07-17 12:40:13,386 [Time-limited test] org.mule.util.queue.QueueXaResourceManager: Started ResourceManager
INFO  2018-07-17 12:40:13,495 [Time-limited test] org.mule.module.http.internal.listener.DefaultHttpListenerConfig: Listening for requests on http://0.0.0.0:8081
INFO  2018-07-17 12:40:13,887 [Time-limited test] org.mule.transport.jms.activemq.ActiveMQJmsConnector: Connected: ActiveMQJmsConnector
{
  name=Active_MQ
  lifecycle=initialise
  this=2eebadf
  numberOfConcurrentTransactedReceivers=4
  createMultipleTransactedReceivers=true
  connected=true
  supportedProtocols=[jms]
  serviceOverrides=<none>
}

INFO  2018-07-17 12:40:13,887 [Time-limited test] org.mule.transport.jms.activemq.ActiveMQJmsConnector: Starting: ActiveMQJmsConnector
{
  name=Active_MQ
  lifecycle=initialise
  this=2eebadf
  numberOfConcurrentTransactedReceivers=4
  createMultipleTransactedReceivers=true
  connected=true
  supportedProtocols=[jms]
  serviceOverrides=<none>
}

INFO  2018-07-17 12:40:13,887 [Time-limited test] org.mule.lifecycle.AbstractLifecycleManager: Starting connector: Active_MQ
INFO  2018-07-17 12:40:13,890 [Time-limited test] org.mule.lifecycle.AbstractLifecycleManager: Starting model: _muleSystemModel
INFO  2018-07-17 12:40:13,891 [Time-limited test] org.mule.construct.FlowConstructLifecycleManager: Starting flow: mavenFlow
INFO  2018-07-17 12:40:13,891 [Time-limited test] org.mule.processor.SedaStageLifecycleManager: Starting service: mavenFlow.stage1
INFO  2018-07-17 12:40:13,899 [Time-limited test] org.mule.construct.FlowConstructLifecycleManager: Starting flow: retreiveFlights
INFO  2018-07-17 12:40:13,899 [Time-limited test] org.mule.processor.SedaStageLifecycleManager: Starting service: retreiveFlights.stage1
INFO  2018-07-17 12:40:13,906 [Time-limited test] org.mule.construct.FlowConstructLifecycleManager: Starting flow: logFlights
INFO  2018-07-17 12:40:13,906 [Time-limited test] org.mule.processor.SedaStageLifecycleManager: Starting service: logFlights.stage1
INFO  2018-07-17 12:40:13,914 [Time-limited test] org.mule.transport.jms.activemq.ActiveMQJmsConnector: Registering listener: logFlights on endpointUri: jms://flights
INFO  2018-07-17 12:40:13,914 [Time-limited test] org.mule.transport.service.DefaultTransportServiceDescriptor: Loading default inbound transformer: org.mule.transport.jms.transformers.JMSMessageToObject
INFO  2018-07-17 12:40:13,914 [Time-limited test] org.mule.transport.service.DefaultTransportServiceDescriptor: Loading default response transformer: org.mule.transport.jms.transformers.ObjectToJMSMessage
INFO  2018-07-17 12:40:13,915 [Time-limited test] org.mule.lifecycle.AbstractLifecycleManager: Initialising: 'null'. Object is: MultiConsumerJmsMessageReceiver
INFO  2018-07-17 12:40:13,962 [Time-limited test] org.mule.transport.jms.MultiConsumerJmsMessageReceiver: Connecting clusterizable message receiver
INFO  2018-07-17 12:40:13,978 [Time-limited test] org.mule.transport.jms.MultiConsumerJmsMessageReceiver: Endpoint jms://flights has been successfully reconnected.
INFO  2018-07-17 12:40:13,978 [Time-limited test] org.mule.lifecycle.AbstractLifecycleManager: Starting: 'null'. Object is: MultiConsumerJmsMessageReceiver
INFO  2018-07-17 12:40:13,978 [Time-limited test] org.mule.transport.jms.MultiConsumerJmsMessageReceiver: Starting clusterizable message receiver
INFO  2018-07-17 12:40:13,980 [Time-limited test] org.mule.DefaultMuleContext: 
**********************************************************************
* Mule Runtime and Integration Platform                              *
* Version: 3.9.1 Build: 6e0f86dc                                     *
* MuleSoft, Inc.                                                     *
* For more information go to http://www.mulesoft.org                 *
*                                                                    *
* Server started: 7/17/18 12:40 PM                                   *
* Server ID: 387788a0-89f9-11e8-bb33-e4029bed2c26                    *
* JDK: 1.8.0_171 (mixed mode)                                        *
* OS encoding: Cp1252, Mule encoding: UTF-8                          *
* OS: Windows 10 -  (10.0, amd64)                                    *
* Host: LAPTOP-E237LT56 (192.168.1.40)                               *
*                                                                    *
* Agents Running: None                                               *
**********************************************************************
WARN  2018-07-17 12:40:13,981 [Time-limited test] org.mule.model.seda.SedaModel: The <model> element is deprecated in Mule 3.4 and will be removed in Mule 4.0.  Flows do not need to be configured inside a <model> element. 
INFO  2018-07-17 12:40:13,981 [Time-limited test] org.mule.lifecycle.AbstractLifecycleManager: Initialising model: main
INFO  2018-07-17 12:40:13,981 [Time-limited test] org.mule.lifecycle.AbstractLifecycleManager: Starting model: main
WARN  2018-07-17 12:40:13,982 [Time-limited test] org.mule.model.seda.SedaService: Services (SedaService or any custom implementation) are deprecated in Mule 3.4 and will be removed in Mule 4.0. 
INFO  2018-07-17 12:40:13,982 [Time-limited test] org.mule.service.ServiceLifecycleManager: Initialising service: appleService
INFO  2018-07-17 12:40:13,985 [Time-limited test] org.mule.exception.DefaultMessagingExceptionStrategy: Initialising exception listener: org.mule.exception.DefaultMessagingExceptionStrategy@6c03b6d
INFO  2018-07-17 12:40:13,985 [Time-limited test] org.mule.component.ComponentLifecycleManager: Initialising component: component.1318820877
INFO  2018-07-17 12:40:13,985 [Time-limited test] org.mule.processor.SedaStageLifecycleManager: Initialising service: appleService
INFO  2018-07-17 12:40:13,985 [Time-limited test] org.mule.service.ServiceLifecycleManager: Starting service: appleService
INFO  2018-07-17 12:40:13,985 [Time-limited test] org.mule.component.ComponentLifecycleManager: Starting component: component.1318820877
INFO  2018-07-17 12:40:13,986 [Time-limited test] org.mule.processor.SedaStageLifecycleManager: Starting service: appleService
INFO  2018-07-17 12:40:13,990 [Time-limited test] org.mule.lifecycle.AbstractLifecycleManager: Initialising connector: testConnector
INFO  2018-07-17 12:40:14,002 [Time-limited test] org.mule.tck.testmodels.mule.TestConnector: Connected: TestConnector
{
  name=testConnector
  lifecycle=initialise
  this=52c87342
  numberOfConcurrentTransactedReceivers=4
  createMultipleTransactedReceivers=true
  connected=true
  supportedProtocols=[test]
  serviceOverrides=<none>
}

INFO  2018-07-17 12:40:14,003 [Time-limited test] org.mule.tck.testmodels.mule.TestConnector: Starting: TestConnector
{
  name=testConnector
  lifecycle=initialise
  this=52c87342
  numberOfConcurrentTransactedReceivers=4
  createMultipleTransactedReceivers=true
  connected=true
  supportedProtocols=[test]
  serviceOverrides=<none>
}

INFO  2018-07-17 12:40:14,003 [Time-limited test] org.mule.lifecycle.AbstractLifecycleManager: Starting connector: testConnector
INFO  2018-07-17 12:40:14,010 [Time-limited test] org.mule.construct.FlowConstructLifecycleManager: Stopping flow: mavenFlow
INFO  2018-07-17 12:40:14,010 [Time-limited test] org.mule.processor.SedaStageLifecycleManager: Stopping service: mavenFlow.stage1
INFO  2018-07-17 12:40:14,165 [Time-limited test] org.mule.construct.FlowConstructLifecycleManager: Stopping flow: retreiveFlights
INFO  2018-07-17 12:40:14,165 [Time-limited test] org.mule.processor.SedaStageLifecycleManager: Stopping service: retreiveFlights.stage1
INFO  2018-07-17 12:40:14,166 [Time-limited test] org.mule.construct.FlowConstructLifecycleManager: Stopping flow: logFlights
INFO  2018-07-17 12:40:14,166 [Time-limited test] org.mule.transport.jms.activemq.ActiveMQJmsConnector: Removing listener on endpointUri: jms://flights
INFO  2018-07-17 12:40:14,166 [Time-limited test] org.mule.lifecycle.AbstractLifecycleManager: Stopping: 'null'. Object is: MultiConsumerJmsMessageReceiver
INFO  2018-07-17 12:40:14,167 [Time-limited test] org.mule.lifecycle.AbstractLifecycleManager: Disposing: 'null'. Object is: MultiConsumerJmsMessageReceiver
INFO  2018-07-17 12:40:14,167 [Time-limited test] org.mule.processor.SedaStageLifecycleManager: Stopping service: logFlights.stage1
INFO  2018-07-17 12:40:14,364 [Time-limited test] org.mule.service.ServiceLifecycleManager: Stopping service: appleService
INFO  2018-07-17 12:40:14,364 [Time-limited test] org.mule.processor.SedaStageLifecycleManager: Stopping service: appleService
INFO  2018-07-17 12:40:14,412 [Time-limited test] org.mule.component.ComponentLifecycleManager: Stopping component: component.1318820877
INFO  2018-07-17 12:40:14,413 [Time-limited test] org.mule.lifecycle.AbstractLifecycleManager: Stopping model: _muleSystemModel
INFO  2018-07-17 12:40:14,415 [Time-limited test] org.mule.lifecycle.AbstractLifecycleManager: Stopping connector: Active_MQ
INFO  2018-07-17 12:40:14,417 [Time-limited test] org.mule.module.http.internal.listener.DefaultHttpListenerConfig: Stopped listener on http://0.0.0.0:8081
INFO  2018-07-17 12:40:14,418 [Time-limited test] org.mule.util.queue.QueueXaResourceManager: Stopping ResourceManager
INFO  2018-07-17 12:40:14,418 [Time-limited test] org.mule.util.queue.QueueXaResourceManager: Stopped ResourceManager
INFO  2018-07-17 12:40:14,421 [Time-limited test] org.mule.lifecycle.AbstractLifecycleManager: Disposing RegistryBroker
INFO  2018-07-17 12:40:14,422 [Time-limited test] org.mule.construct.FlowConstructLifecycleManager: Disposing flow: mavenFlow
INFO  2018-07-17 12:40:14,422 [Time-limited test] org.mule.processor.SedaStageLifecycleManager: Disposing service: mavenFlow.stage1
INFO  2018-07-17 12:40:14,422 [Time-limited test] org.mule.construct.FlowConstructLifecycleManager: Disposing flow: retreiveFlights
INFO  2018-07-17 12:40:14,422 [Time-limited test] org.mule.processor.SedaStageLifecycleManager: Disposing service: retreiveFlights.stage1
INFO  2018-07-17 12:40:14,423 [Time-limited test] org.mule.construct.FlowConstructLifecycleManager: Disposing flow: logFlights
INFO  2018-07-17 12:40:14,423 [Time-limited test] org.mule.processor.SedaStageLifecycleManager: Disposing service: logFlights.stage1
INFO  2018-07-17 12:40:14,423 [Time-limited test] org.mule.service.ServiceLifecycleManager: Disposing service: appleService
INFO  2018-07-17 12:40:14,423 [Time-limited test] org.mule.component.ComponentLifecycleManager: Disposing component: component.1318820877
INFO  2018-07-17 12:40:14,423 [Time-limited test] org.mule.processor.SedaStageLifecycleManager: Disposing service: appleService
INFO  2018-07-17 12:40:14,424 [Time-limited test] org.mule.lifecycle.AbstractLifecycleManager: Disposing model: _muleSystemModel
INFO  2018-07-17 12:40:14,613 [Time-limited test] org.mule.transport.jms.activemq.ActiveMQJmsConnector: Disconnected: ActiveMQJmsConnector
{
  name=Active_MQ
  lifecycle=stop
  this=2eebadf
  numberOfConcurrentTransactedReceivers=4
  createMultipleTransactedReceivers=true
  connected=true
  supportedProtocols=[jms]
  serviceOverrides=<none>
}

INFO  2018-07-17 12:40:14,613 [Time-limited test] org.mule.lifecycle.AbstractLifecycleManager: Disposing connector: Active_MQ
INFO  2018-07-17 12:40:14,625 [Time-limited test] org.mule.config.spring.MuleArtifactContext: Closing org.mule.config.spring.MuleArtifactContext@7126b8a9: startup date [Tue Jul 17 12:40:12 PDT 2018]; root of context hierarchy
INFO  2018-07-17 12:40:14,630 [Time-limited test] org.mule.DefaultMuleContext: 
**********************************************************************
* Mule Context shut down normally on: 7/17/18 12:40 PM               *
* Server was up for: 0 days, 0 hours, 0 mins, 1.245 sec              *
**********************************************************************
]]></system-out>
  </testcase>
</testsuite>